<?xml version="1.0" encoding="UTF-8"?>
<!-- Generated by org.testng.reporters.JUnitXMLReporter -->
<testsuite ignored="0" hostname="IE4LLTBZN4PQ2" failures="0" tests="4" name="Test" time="154.754" errors="0" timestamp="2022-09-04T20:43:23 IST">
  <testcase classname="test.AdminLoginTest" name="addProduct" time="19.619"/>
  <testcase classname="test.UserLoginTest" name="BuyMedicineTest" time="21.571"/>
  <testcase classname="test.UserLoginTest" name="CategoryTest" time="9.421"/>
  <testcase classname="test.UserLoginTest" name="ProductFilterTest" time="10.011"/>
</testsuite> <!-- Test -->
