<?xml version="1.0" encoding="UTF-8"?>
<testng-results ignored="0" total="4" passed="4" failed="0" skipped="0">
  <reporter-output>
  </reporter-output>
  <suite started-at="2022-09-04T20:40:48 IST" name="Suite" finished-at="2022-09-04T20:43:23 IST" duration-ms="154754">
    <groups>
    </groups>
    <test started-at="2022-09-04T20:40:48 IST" name="Test" finished-at="2022-09-04T20:43:23 IST" duration-ms="154754">
      <class name="test.AdminLoginTest">
        <test-method is-config="true" signature="SetUp(java.lang.reflect.Method)[pri:0, instance:test.AdminLoginTest@212b5695]" started-at="2022-09-04T20:40:48 IST" name="SetUp" finished-at="2022-09-04T20:41:22 IST" duration-ms="34599" status="PASS">
          <params>
            <param index="0">
              <value>
                <![CDATA[public void test.AdminLoginTest.addProduct() throws java.lang.InterruptedException]]>
              </value>
            </param>
          </params>
          <reporter-output>
          </reporter-output>
        </test-method> <!-- SetUp -->
        <test-method signature="addProduct()[pri:0, instance:test.AdminLoginTest@212b5695]" started-at="2022-09-04T20:41:22 IST" name="addProduct" finished-at="2022-09-04T20:41:42 IST" duration-ms="19619" status="PASS">
          <reporter-output>
          </reporter-output>
        </test-method> <!-- addProduct -->
        <test-method is-config="true" signature="TearDown()[pri:0, instance:test.AdminLoginTest@212b5695]" started-at="2022-09-04T20:41:42 IST" name="TearDown" finished-at="2022-09-04T20:41:45 IST" duration-ms="2528" status="PASS">
          <reporter-output>
          </reporter-output>
        </test-method> <!-- TearDown -->
      </class> <!-- test.AdminLoginTest -->
      <class name="test.UserLoginTest">
        <test-method is-config="true" signature="SetUp(java.lang.reflect.Method)[pri:0, instance:test.UserLoginTest@4d465b11]" started-at="2022-09-04T20:41:45 IST" name="SetUp" finished-at="2022-09-04T20:42:04 IST" duration-ms="19772" status="PASS">
          <params>
            <param index="0">
              <value>
                <![CDATA[public void test.UserLoginTest.BuyMedicineTest() throws java.lang.InterruptedException]]>
              </value>
            </param>
          </params>
          <reporter-output>
          </reporter-output>
        </test-method> <!-- SetUp -->
        <test-method signature="BuyMedicineTest()[pri:0, instance:test.UserLoginTest@4d465b11]" started-at="2022-09-04T20:42:04 IST" name="BuyMedicineTest" finished-at="2022-09-04T20:42:26 IST" duration-ms="21571" status="PASS">
          <reporter-output>
          </reporter-output>
        </test-method> <!-- BuyMedicineTest -->
        <test-method is-config="true" signature="TearDown()[pri:0, instance:test.UserLoginTest@4d465b11]" started-at="2022-09-04T20:42:26 IST" name="TearDown" finished-at="2022-09-04T20:42:27 IST" duration-ms="1352" status="PASS">
          <reporter-output>
          </reporter-output>
        </test-method> <!-- TearDown -->
        <test-method is-config="true" signature="SetUp(java.lang.reflect.Method)[pri:0, instance:test.UserLoginTest@4d465b11]" started-at="2022-09-04T20:42:27 IST" name="SetUp" finished-at="2022-09-04T20:42:45 IST" duration-ms="17421" status="PASS">
          <params>
            <param index="0">
              <value>
                <![CDATA[public void test.UserLoginTest.CategoryTest() throws java.lang.InterruptedException]]>
              </value>
            </param>
          </params>
          <reporter-output>
          </reporter-output>
        </test-method> <!-- SetUp -->
        <test-method signature="CategoryTest()[pri:0, instance:test.UserLoginTest@4d465b11]" started-at="2022-09-04T20:42:45 IST" name="CategoryTest" finished-at="2022-09-04T20:42:54 IST" duration-ms="9421" status="PASS">
          <reporter-output>
          </reporter-output>
        </test-method> <!-- CategoryTest -->
        <test-method is-config="true" signature="TearDown()[pri:0, instance:test.UserLoginTest@4d465b11]" started-at="2022-09-04T20:42:54 IST" name="TearDown" finished-at="2022-09-04T20:42:55 IST" duration-ms="792" status="PASS">
          <reporter-output>
          </reporter-output>
        </test-method> <!-- TearDown -->
        <test-method is-config="true" signature="SetUp(java.lang.reflect.Method)[pri:0, instance:test.UserLoginTest@4d465b11]" started-at="2022-09-04T20:42:55 IST" name="SetUp" finished-at="2022-09-04T20:43:12 IST" duration-ms="16887" status="PASS">
          <params>
            <param index="0">
              <value>
                <![CDATA[public void test.UserLoginTest.ProductFilterTest() throws java.lang.InterruptedException]]>
              </value>
            </param>
          </params>
          <reporter-output>
          </reporter-output>
        </test-method> <!-- SetUp -->
        <test-method signature="ProductFilterTest()[pri:0, instance:test.UserLoginTest@4d465b11]" started-at="2022-09-04T20:43:12 IST" name="ProductFilterTest" finished-at="2022-09-04T20:43:22 IST" duration-ms="10011" status="PASS">
          <reporter-output>
          </reporter-output>
        </test-method> <!-- ProductFilterTest -->
        <test-method is-config="true" signature="TearDown()[pri:0, instance:test.UserLoginTest@4d465b11]" started-at="2022-09-04T20:43:22 IST" name="TearDown" finished-at="2022-09-04T20:43:23 IST" duration-ms="670" status="PASS">
          <reporter-output>
          </reporter-output>
        </test-method> <!-- TearDown -->
      </class> <!-- test.UserLoginTest -->
    </test> <!-- Test -->
  </suite> <!-- Suite -->
</testng-results>
